

*******************************************************************************
Wed Mar 14 14:11:34 2018


FIT:    data read from "czasy.txt"
        format = z
        #datapoints = 9
        residuals are weighted equally (unit weight)

function used for fitting: f(x)
fitted parameters initialized with current variable values



 Iteration 0
 WSSR        : 1.01087e+07       delta(WSSR)/WSSR   : 0
 delta(WSSR) : 0                 limit for stopping : 1e-05
 lambda	  : 749.115

initial set of free parameter values

a               = 1
b               = 1

After 6 iterations the fit converged.
final sum of squares of residuals : 0.010447
rel. change during last iteration : -1.81679e-06

degrees of freedom    (FIT_NDF)                        : 7
rms of residuals      (FIT_STDFIT) = sqrt(WSSR/ndf)    : 0.0386319
variance of residuals (reduced chisquare) = WSSR/ndf   : 0.00149242

Final set of parameters            Asymptotic Standard Error
=======================            ==========================

a               = 6.09907e-05      +/- 1.375e-05    (22.54%)
b               = 0.00537196       +/- 0.01456      (271.1%)


correlation matrix of the fit parameters:

               a      b      
a               1.000 
b              -0.467  1.000 


*******************************************************************************
Wed Mar 14 14:14:11 2018


FIT:    data read from "czasy.txt"
        format = z
        #datapoints = 9
        residuals are weighted equally (unit weight)

function used for fitting: f(x)
fitted parameters initialized with current variable values



 Iteration 0
 WSSR        : 1.101e+14         delta(WSSR)/WSSR   : 0
 delta(WSSR) : 0                 limit for stopping : 1e-05
 lambda	  : 2.4732e+06

initial set of free parameter values

a               = 1
b               = 1

After 4 iterations the fit converged.
final sum of squares of residuals : 5.40309
rel. change during last iteration : -1.26282e-06

degrees of freedom    (FIT_NDF)                        : 7
rms of residuals      (FIT_STDFIT) = sqrt(WSSR/ndf)    : 0.878562
variance of residuals (reduced chisquare) = WSSR/ndf   : 0.77187

Final set of parameters            Asymptotic Standard Error
=======================            ==========================

a               = 5.91408e-06      +/- 9.424e-08    (1.593%)
b               = 0.999999         +/- 0.3296       (32.96%)


correlation matrix of the fit parameters:

               a      b      
a               1.000 
b              -0.459  1.000 
